Fitapp/app/build/intermediates/manifest_merge_blame_file/debug/manifest-merger-blame-debug-report.txt
1<?xml version="1.0" encoding="utf-8"?>
2<manifest xmlns:android="http://schemas.android.com/apk/res/android"
3    package="com.example.fitapp"
4    android:versionCode="1"
5    android:versionName="1.0" >
6
7    <uses-sdk
8        android:minSdkVersion="15"
8-->src/main/AndroidManifest.xml
9        android:targetSdkVersion="29" />
9-->src/main/AndroidManifest.xml
10
11    <uses-permission android:name="android.permission.INTERNET" />
11-->src/main/AndroidManifest.xml:5:5-66
11-->src/main/AndroidManifest.xml:5:22-64
12
13    <application
13-->src/main/AndroidManifest.xml:7:5-40:19
14        android:allowBackup="true"
14-->src/main/AndroidManifest.xml:8:9-35
15        android:appComponentFactory="androidx.core.app.CoreComponentFactory"
15-->[androidx.core:core:1.0.1] AndroidManifest.xml:22:18-86
16        android:debuggable="true"
17        android:icon="@mipmap/ic_launcher"
17-->src/main/AndroidManifest.xml:9:9-43
18        android:label="@string/app_name"
18-->src/main/AndroidManifest.xml:10:9-41
19        android:roundIcon="@mipmap/ic_launcher_round"
19-->src/main/AndroidManifest.xml:11:9-54
20        android:supportsRtl="true"
20-->src/main/AndroidManifest.xml:12:9-35
21        android:testOnly="true"
22        android:theme="@style/AppTheme" >
22-->src/main/AndroidManifest.xml:13:9-40
23        <activity android:name="com.example.fitapp.MainActivity" >
23-->src/main/AndroidManifest.xml:14:9-20:20
23-->src/main/AndroidManifest.xml:14:19-47
24            <intent-filter>
24-->src/main/AndroidManifest.xml:15:13-19:29
25                <action android:name="android.intent.action.MAIN" />
25-->src/main/AndroidManifest.xml:16:17-69
25-->src/main/AndroidManifest.xml:16:25-66
26
27                <category android:name="android.intent.category.LAUNCHER" />
27-->src/main/AndroidManifest.xml:18:17-77
27-->src/main/AndroidManifest.xml:18:27-74
28            </intent-filter>
29        </activity>
30        <activity
30-->src/main/AndroidManifest.xml:21:9-29:20
31            android:name="com.example.fitapp.dataActivity"
31-->src/main/AndroidManifest.xml:22:9-55
32            android:parentActivityName="com.example.fitapp.MainActivity"
32-->src/main/AndroidManifest.xml:23:9-51
33            android:screenOrientation="portrait" >
33-->src/main/AndroidManifest.xml:24:9-45
34            <meta-data
34-->src/main/AndroidManifest.xml:25:9-27:63
35                android:name="android.support.PARENT_ACTIVITY"
35-->src/main/AndroidManifest.xml:26:13-59
36                android:value="com.example.fitapp.MainActivity" />
36-->src/main/AndroidManifest.xml:27:13-60
37        </activity>
38        <activity
38-->src/main/AndroidManifest.xml:30:9-38:20
39            android:name="com.example.fitapp.exerciceActivity"
39-->src/main/AndroidManifest.xml:31:9-59
40            android:parentActivityName="com.example.fitapp.MainActivity"
40-->src/main/AndroidManifest.xml:32:9-51
41            android:screenOrientation="portrait" >
41-->src/main/AndroidManifest.xml:33:9-45
42            <meta-data
42-->src/main/AndroidManifest.xml:25:9-27:63
43                android:name="android.support.PARENT_ACTIVITY"
43-->src/main/AndroidManifest.xml:26:13-59
44                android:value="com.example.fitapp.MainActivity" />
44-->src/main/AndroidManifest.xml:27:13-60
45        </activity>
46    </application>
47
48</manifest>